2025-07-11 09:50:52,486 INFO o.s.b.StartupInfoLogger [main] Starting MovieAppApplication using Java 24 with PID 96968 (/Users/sebastjanbas/Seba/Programiranje/Teads Summer School/Movie Project/MovieApp/target/classes started by sebastjanbas in /Users/sebastjanbas/Seba/Programiranje/Teads Summer School/Movie Project/MovieApp)
2025-07-11 09:50:52,488 INFO o.s.b.SpringApplication [main] No active profile set, falling back to 1 default profile: "default"
2025-07-11 09:50:52,956 INFO o.s.d.r.c.RepositoryConfigurationDelegate [main] Bootstrapping Spring Data JPA repositories in DEFAULT mode.
2025-07-11 09:50:52,989 INFO o.s.d.r.c.RepositoryConfigurationDelegate [main] Finished Spring Data repository scanning in 27 ms. Found 2 JPA repository interfaces.
2025-07-11 09:50:53,201 INFO o.s.b.w.e.t.TomcatWebServer [main] Tomcat initialized with port 8080 (http)
2025-07-11 09:50:53,209 INFO o.a.j.l.DirectJDKLog [main] Initializing ProtocolHandler ["http-nio-8080"]
2025-07-11 09:50:53,210 INFO o.a.j.l.DirectJDKLog [main] Starting service [Tomcat]
2025-07-11 09:50:53,210 INFO o.a.j.l.DirectJDKLog [main] Starting Servlet engine: [Apache Tomcat/10.1.42]
2025-07-11 09:50:53,230 INFO o.a.j.l.DirectJDKLog [main] Initializing Spring embedded WebApplicationContext
2025-07-11 09:50:53,230 INFO o.s.b.w.s.c.ServletWebServerApplicationContext [main] Root WebApplicationContext: initialization completed in 718 ms
2025-07-11 09:50:53,369 INFO o.h.j.i.u.LogHelper [main] HHH000204: Processing PersistenceUnitInfo [name: default]
2025-07-11 09:50:53,395 INFO o.h.Version [main] HHH000412: Hibernate ORM core version 6.6.18.Final
2025-07-11 09:50:53,412 INFO o.h.c.i.RegionFactoryInitiator [main] HHH000026: Second-level cache disabled
2025-07-11 09:50:53,563 INFO o.s.o.j.p.SpringPersistenceUnitInfo [main] No LoadTimeWeaver setup: ignoring JPA class transformer
2025-07-11 09:50:53,578 INFO c.z.h.HikariDataSource [main] HikariPool-1 - Starting...
2025-07-11 09:50:53,675 INFO c.z.h.p.HikariPool [main] HikariPool-1 - Added connection org.postgresql.jdbc.PgConnection@2419fe6f
2025-07-11 09:50:53,676 INFO c.z.h.HikariDataSource [main] HikariPool-1 - Start completed.
2025-07-11 09:50:53,697 WARN o.h.e.j.d.i.DialectFactoryImpl [main] HHH90000025: PostgreSQLDialect does not need to be specified explicitly using 'hibernate.dialect' (remove the property setting and it will be selected by default)
2025-07-11 09:50:53,707 INFO o.h.e.j.e.i.JdbcEnvironmentInitiator [main] HHH10001005: Database info:
	Database JDBC URL [Connecting through datasource 'HikariDataSource (HikariPool-1)']
	Database driver: undefined/unknown
	Database version: 16.8
	Autocommit mode: undefined/unknown
	Isolation level: undefined/unknown
	Minimum pool size: undefined/unknown
	Maximum pool size: undefined/unknown
2025-07-11 09:50:54,099 INFO o.h.e.t.j.p.i.JtaPlatformInitiator [main] HHH000489: No JTA platform available (set 'hibernate.transaction.jta.platform' to enable JTA platform integration)
2025-07-11 09:50:54,135 WARN o.h.t.s.i.ExceptionHandlerLoggedImpl [main] GenerationTarget encountered exception accepting command : Error executing DDL "
    alter table if exists movietable 
       alter column overview set data type varchar(255)" via JDBC [ERROR: value too long for type character varying(255)]
org.hibernate.tool.schema.spi.CommandAcceptanceException: Error executing DDL "
    alter table if exists movietable 
       alter column overview set data type varchar(255)" via JDBC [ERROR: value too long for type character varying(255)]
	at org.hibernate.tool.schema.internal.exec.GenerationTargetToDatabase.accept(GenerationTargetToDatabase.java:94)
	at org.hibernate.tool.schema.internal.AbstractSchemaMigrator.applySqlString(AbstractSchemaMigrator.java:576)
	at org.hibernate.tool.schema.internal.AbstractSchemaMigrator.applySqlStrings(AbstractSchemaMigrator.java:516)
	at org.hibernate.tool.schema.internal.AbstractSchemaMigrator.migrateTable(AbstractSchemaMigrator.java:334)
	at org.hibernate.tool.schema.internal.GroupedSchemaMigratorImpl.performTablesMigration(GroupedSchemaMigratorImpl.java:84)
	at org.hibernate.tool.schema.internal.AbstractSchemaMigrator.performMigration(AbstractSchemaMigrator.java:233)
	at org.hibernate.tool.schema.internal.AbstractSchemaMigrator.doMigration(AbstractSchemaMigrator.java:112)
	at org.hibernate.tool.schema.spi.SchemaManagementToolCoordinator.performDatabaseAction(SchemaManagementToolCoordinator.java:280)
	at org.hibernate.tool.schema.spi.SchemaManagementToolCoordinator.lambda$process$5(SchemaManagementToolCoordinator.java:144)
	at java.base/java.util.HashMap.forEach(HashMap.java:1430)
	at org.hibernate.tool.schema.spi.SchemaManagementToolCoordinator.process(SchemaManagementToolCoordinator.java:141)
	at org.hibernate.boot.internal.SessionFactoryObserverForSchemaExport.sessionFactoryCreated(SessionFactoryObserverForSchemaExport.java:37)
	at org.hibernate.internal.SessionFactoryObserverChain.sessionFactoryCreated(SessionFactoryObserverChain.java:35)
	at org.hibernate.internal.SessionFactoryImpl.<init>(SessionFactoryImpl.java:324)
	at org.hibernate.boot.internal.SessionFactoryBuilderImpl.build(SessionFactoryBuilderImpl.java:463)
	at org.hibernate.jpa.boot.internal.EntityManagerFactoryBuilderImpl.build(EntityManagerFactoryBuilderImpl.java:1517)
	at org.springframework.orm.jpa.vendor.SpringHibernateJpaPersistenceProvider.createContainerEntityManagerFactory(SpringHibernateJpaPersistenceProvider.java:66)
	at org.springframework.orm.jpa.LocalContainerEntityManagerFactoryBean.createNativeEntityManagerFactory(LocalContainerEntityManagerFactoryBean.java:390)
	at org.springframework.orm.jpa.AbstractEntityManagerFactoryBean.buildNativeEntityManagerFactory(AbstractEntityManagerFactoryBean.java:419)
	at org.springframework.orm.jpa.AbstractEntityManagerFactoryBean.afterPropertiesSet(AbstractEntityManagerFactoryBean.java:400)
	at org.springframework.orm.jpa.LocalContainerEntityManagerFactoryBean.afterPropertiesSet(LocalContainerEntityManagerFactoryBean.java:366)
	at org.springframework.beans.factory.support.AbstractAutowireCapableBeanFactory.invokeInitMethods(AbstractAutowireCapableBeanFactory.java:1873)
	at org.springframework.beans.factory.support.AbstractAutowireCapableBeanFactory.initializeBean(AbstractAutowireCapableBeanFactory.java:1822)
	at org.springframework.beans.factory.support.AbstractAutowireCapableBeanFactory.doCreateBean(AbstractAutowireCapableBeanFactory.java:607)
	at org.springframework.beans.factory.support.AbstractAutowireCapableBeanFactory.createBean(AbstractAutowireCapableBeanFactory.java:529)
	at org.springframework.beans.factory.support.AbstractBeanFactory.lambda$doGetBean$0(AbstractBeanFactory.java:339)
	at org.springframework.beans.factory.support.DefaultSingletonBeanRegistry.getSingleton(DefaultSingletonBeanRegistry.java:373)
	at org.springframework.beans.factory.support.AbstractBeanFactory.doGetBean(AbstractBeanFactory.java:337)
	at org.springframework.beans.factory.support.AbstractBeanFactory.getBean(AbstractBeanFactory.java:207)
	at org.springframework.context.support.AbstractApplicationContext.finishBeanFactoryInitialization(AbstractApplicationContext.java:970)
	at org.springframework.context.support.AbstractApplicationContext.refresh(AbstractApplicationContext.java:627)
	at org.springframework.boot.web.servlet.context.ServletWebServerApplicationContext.refresh(ServletWebServerApplicationContext.java:146)
	at org.springframework.boot.SpringApplication.refresh(SpringApplication.java:752)
	at org.springframework.boot.SpringApplication.refreshContext(SpringApplication.java:439)
	at org.springframework.boot.SpringApplication.run(SpringApplication.java:318)
	at org.springframework.boot.SpringApplication.run(SpringApplication.java:1361)
	at org.springframework.boot.SpringApplication.run(SpringApplication.java:1350)
	at com.example.MovieApp.MovieAppApplication.main(MovieAppApplication.java:10)
Caused by: org.postgresql.util.PSQLException: ERROR: value too long for type character varying(255)
	at org.postgresql.core.v3.QueryExecutorImpl.receiveErrorResponse(QueryExecutorImpl.java:2734)
	at org.postgresql.core.v3.QueryExecutorImpl.processResults(QueryExecutorImpl.java:2421)
	at org.postgresql.core.v3.QueryExecutorImpl.execute(QueryExecutorImpl.java:372)
	at org.postgresql.jdbc.PgStatement.executeInternal(PgStatement.java:518)
	at org.postgresql.jdbc.PgStatement.execute(PgStatement.java:435)
	at org.postgresql.jdbc.PgStatement.executeWithFlags(PgStatement.java:357)
	at org.postgresql.jdbc.PgStatement.executeCachedSql(PgStatement.java:342)
	at org.postgresql.jdbc.PgStatement.executeWithFlags(PgStatement.java:318)
	at org.postgresql.jdbc.PgStatement.execute(PgStatement.java:313)
	at com.zaxxer.hikari.pool.ProxyStatement.execute(ProxyStatement.java:95)
	at com.zaxxer.hikari.pool.HikariProxyStatement.execute(HikariProxyStatement.java)
	at org.hibernate.tool.schema.internal.exec.GenerationTargetToDatabase.accept(GenerationTargetToDatabase.java:80)
	... 37 common frames omitted
2025-07-11 09:50:54,136 INFO o.s.o.j.AbstractEntityManagerFactoryBean [main] Initialized JPA EntityManagerFactory for persistence unit 'default'
2025-07-11 09:50:54,497 WARN o.s.b.a.o.j.JpaBaseConfiguration$JpaWebConfiguration [main] spring.jpa.open-in-view is enabled by default. Therefore, database queries may be performed during view rendering. Explicitly configure spring.jpa.open-in-view to disable this warning
2025-07-11 09:50:54,730 INFO o.s.b.a.e.w.EndpointLinksResolver [main] Exposing 5 endpoints beneath base path '/actuator'
2025-07-11 09:50:54,766 INFO o.a.j.l.DirectJDKLog [main] Starting ProtocolHandler ["http-nio-8080"]
2025-07-11 09:50:54,772 INFO o.s.b.w.e.t.TomcatWebServer [main] Tomcat started on port 8080 (http) with context path '/'
2025-07-11 09:50:54,781 INFO o.s.b.StartupInfoLogger [main] Started MovieAppApplication in 2.572 seconds (process running for 2.985)
2025-07-11 09:50:54,938 INFO o.a.j.l.DirectJDKLog [RMI TCP Connection(4)-127.0.0.1] Initializing Spring DispatcherServlet 'dispatcherServlet'
2025-07-11 09:50:54,938 INFO o.s.w.s.FrameworkServlet [RMI TCP Connection(4)-127.0.0.1] Initializing Servlet 'dispatcherServlet'
2025-07-11 09:50:54,939 INFO o.s.w.s.FrameworkServlet [RMI TCP Connection(4)-127.0.0.1] Completed initialization in 1 ms
2025-07-11 10:47:34,643 WARN c.z.h.p.HikariPool$HouseKeeper [HikariPool-1:housekeeper] HikariPool-1 - Thread starvation or clock leap detected (housekeeper delta=1m10s343ms).
2025-07-11 10:48:27,929 WARN c.z.h.p.HikariPool$HouseKeeper [HikariPool-1:housekeeper] HikariPool-1 - Thread starvation or clock leap detected (housekeeper delta=53s287ms).
2025-07-11 10:51:18,207 WARN c.z.h.p.HikariPool$HouseKeeper [HikariPool-1:housekeeper] HikariPool-1 - Thread starvation or clock leap detected (housekeeper delta=2m20s266ms).
2025-07-11 10:53:17,159 WARN c.z.h.p.HikariPool$HouseKeeper [HikariPool-1:housekeeper] HikariPool-1 - Thread starvation or clock leap detected (housekeeper delta=1m58s952ms).
2025-07-11 11:23:40,974 INFO o.s.b.w.e.t.GracefulShutdown [SpringApplicationShutdownHook] Commencing graceful shutdown. Waiting for active requests to complete
2025-07-11 11:23:40,985 INFO o.s.b.w.e.t.GracefulShutdown [tomcat-shutdown] Graceful shutdown complete
2025-07-11 11:23:40,991 INFO o.s.o.j.AbstractEntityManagerFactoryBean [SpringApplicationShutdownHook] Closing JPA EntityManagerFactory for persistence unit 'default'
2025-07-11 11:23:40,994 INFO c.z.h.HikariDataSource [SpringApplicationShutdownHook] HikariPool-1 - Shutdown initiated...
2025-07-11 11:23:40,996 INFO c.z.h.HikariDataSource [SpringApplicationShutdownHook] HikariPool-1 - Shutdown completed.
2025-07-11 11:23:42,779 INFO o.s.b.StartupInfoLogger [main] Starting MovieAppApplication using Java 24 with PID 1457 (/Users/sebastjanbas/Seba/Programiranje/Teads Summer School/Movie Project/MovieApp/target/classes started by sebastjanbas in /Users/sebastjanbas/Seba/Programiranje/Teads Summer School/Movie Project/MovieApp)
2025-07-11 11:23:42,781 INFO o.s.b.SpringApplication [main] No active profile set, falling back to 1 default profile: "default"
2025-07-11 11:23:43,222 INFO o.s.d.r.c.RepositoryConfigurationDelegate [main] Bootstrapping Spring Data JPA repositories in DEFAULT mode.
2025-07-11 11:23:43,254 INFO o.s.d.r.c.RepositoryConfigurationDelegate [main] Finished Spring Data repository scanning in 26 ms. Found 2 JPA repository interfaces.
2025-07-11 11:23:43,451 INFO o.s.b.w.e.t.TomcatWebServer [main] Tomcat initialized with port 8080 (http)
2025-07-11 11:23:43,458 INFO o.a.j.l.DirectJDKLog [main] Initializing ProtocolHandler ["http-nio-8080"]
2025-07-11 11:23:43,459 INFO o.a.j.l.DirectJDKLog [main] Starting service [Tomcat]
2025-07-11 11:23:43,459 INFO o.a.j.l.DirectJDKLog [main] Starting Servlet engine: [Apache Tomcat/10.1.42]
2025-07-11 11:23:43,478 INFO o.a.j.l.DirectJDKLog [main] Initializing Spring embedded WebApplicationContext
2025-07-11 11:23:43,478 INFO o.s.b.w.s.c.ServletWebServerApplicationContext [main] Root WebApplicationContext: initialization completed in 674 ms
2025-07-11 11:23:43,611 INFO o.h.j.i.u.LogHelper [main] HHH000204: Processing PersistenceUnitInfo [name: default]
2025-07-11 11:23:43,637 INFO o.h.Version [main] HHH000412: Hibernate ORM core version 6.6.18.Final
2025-07-11 11:23:43,652 INFO o.h.c.i.RegionFactoryInitiator [main] HHH000026: Second-level cache disabled
2025-07-11 11:23:43,795 INFO o.s.o.j.p.SpringPersistenceUnitInfo [main] No LoadTimeWeaver setup: ignoring JPA class transformer
2025-07-11 11:23:43,809 INFO c.z.h.HikariDataSource [main] HikariPool-1 - Starting...
2025-07-11 11:23:43,892 INFO c.z.h.p.HikariPool [main] HikariPool-1 - Added connection org.postgresql.jdbc.PgConnection@5a78b52b
2025-07-11 11:23:43,893 INFO c.z.h.HikariDataSource [main] HikariPool-1 - Start completed.
2025-07-11 11:23:43,916 WARN o.h.e.j.d.i.DialectFactoryImpl [main] HHH90000025: PostgreSQLDialect does not need to be specified explicitly using 'hibernate.dialect' (remove the property setting and it will be selected by default)
2025-07-11 11:23:43,927 INFO o.h.e.j.e.i.JdbcEnvironmentInitiator [main] HHH10001005: Database info:
	Database JDBC URL [Connecting through datasource 'HikariDataSource (HikariPool-1)']
	Database driver: undefined/unknown
	Database version: 16.8
	Autocommit mode: undefined/unknown
	Isolation level: undefined/unknown
	Minimum pool size: undefined/unknown
	Maximum pool size: undefined/unknown
2025-07-11 11:23:44,303 INFO o.h.e.t.j.p.i.JtaPlatformInitiator [main] HHH000489: No JTA platform available (set 'hibernate.transaction.jta.platform' to enable JTA platform integration)
2025-07-11 11:23:44,356 INFO o.s.o.j.AbstractEntityManagerFactoryBean [main] Initialized JPA EntityManagerFactory for persistence unit 'default'
2025-07-11 11:23:44,704 WARN o.s.b.a.o.j.JpaBaseConfiguration$JpaWebConfiguration [main] spring.jpa.open-in-view is enabled by default. Therefore, database queries may be performed during view rendering. Explicitly configure spring.jpa.open-in-view to disable this warning
2025-07-11 11:23:44,916 INFO o.s.b.a.e.w.EndpointLinksResolver [main] Exposing 5 endpoints beneath base path '/actuator'
2025-07-11 11:23:44,948 INFO o.a.j.l.DirectJDKLog [main] Starting ProtocolHandler ["http-nio-8080"]
2025-07-11 11:23:44,955 INFO o.s.b.w.e.t.TomcatWebServer [main] Tomcat started on port 8080 (http) with context path '/'
2025-07-11 11:23:44,964 INFO o.s.b.StartupInfoLogger [main] Started MovieAppApplication in 2.456 seconds (process running for 2.975)
2025-07-11 11:23:45,415 INFO o.a.j.l.DirectJDKLog [RMI TCP Connection(4)-127.0.0.1] Initializing Spring DispatcherServlet 'dispatcherServlet'
2025-07-11 11:23:45,416 INFO o.s.w.s.FrameworkServlet [RMI TCP Connection(4)-127.0.0.1] Initializing Servlet 'dispatcherServlet'
2025-07-11 11:23:45,417 INFO o.s.w.s.FrameworkServlet [RMI TCP Connection(4)-127.0.0.1] Completed initialization in 1 ms
2025-07-11 11:23:46,871 INFO o.s.b.w.e.t.GracefulShutdown [SpringApplicationShutdownHook] Commencing graceful shutdown. Waiting for active requests to complete
2025-07-11 11:23:46,877 INFO o.s.b.w.e.t.GracefulShutdown [tomcat-shutdown] Graceful shutdown complete
2025-07-11 11:23:46,881 INFO o.s.o.j.AbstractEntityManagerFactoryBean [SpringApplicationShutdownHook] Closing JPA EntityManagerFactory for persistence unit 'default'
2025-07-11 11:23:46,882 INFO c.z.h.HikariDataSource [SpringApplicationShutdownHook] HikariPool-1 - Shutdown initiated...
2025-07-11 11:23:46,884 INFO c.z.h.HikariDataSource [SpringApplicationShutdownHook] HikariPool-1 - Shutdown completed.
